main.obj : error LNK2019: unresolved external symbol "public: __thiscall CryptoPP::Algorithm::Algorithm(bool)" (??0Algorithm@CryptoPP@@QAE@_N@Z) referenced in function "public: __thiscall CryptoPP::BlockTransformation::BlockTransformation(void)" (??0BlockTransformation@CryptoPP@@QAE@XZ)
main.obj : error LNK2019: unresolved external symbol "public: virtual void __thiscall CryptoPP::SimpleKeyingInterface::SetKey(unsigned char const *,unsigned int,class CryptoPP::NameValuePairs const &)" (?SetKey@SimpleKeyingInterface@CryptoPP@@UAEXPBEIABVNameValuePairs@2@@Z) referenced in function "public: __thiscall CryptoPP::BlockCipherFinal<1,class CryptoPP::Rijndael::Dec>::BlockCipherFinal<1,class CryptoPP::Rijndael::Dec>(unsigned char const *,unsigned int)" (??0?$BlockCipherFinal@$00VDec@Rijndael@CryptoPP@@@CryptoPP@@QAE@PBEI@Z)
main.obj : error LNK2001: unresolved external symbol "public: virtual void __thiscall CryptoPP::SimpleKeyingInterface::GetNextIV(class CryptoPP::RandomNumberGenerator &,unsigned char *)" (?GetNextIV@SimpleKeyingInterface@CryptoPP@@UAEXAAVRandomNumberGenerator@2@PAE@Z)
main.obj : error LNK2019: unresolved external symbol "protected: void __thiscall CryptoPP::SimpleKeyingInterface::ThrowIfInvalidIV(unsigned char const *)" (?ThrowIfInvalidIV@SimpleKeyingInterface@CryptoPP@@IAEXPBE@Z) referenced in function "public: void __thiscall CryptoPP::CipherModeBase::SetCipherWithIV(class CryptoPP::BlockCipher &,unsigned char const *,int)" (?SetCipherWithIV@CipherModeBase@CryptoPP@@QAEXAAVBlockCipher@2@PBEH@Z)
main.obj : error LNK2019: unresolved external symbol "protected: unsigned int __thiscall CryptoPP::SimpleKeyingInterface::ThrowIfInvalidIVLength(int)" (?ThrowIfInvalidIVLength@SimpleKeyingInterface@CryptoPP@@IAEIH@Z) referenced in function "public: virtual void __thiscall CryptoPP::BlockOrientedCipherModeBase::Resynchronize(unsigned char const *,int)" (?Resynchronize@BlockOrientedCipherModeBase@CryptoPP@@UAEXPBEH@Z)
main.obj : error LNK2001: unresolved external symbol "public: virtual unsigned int __thiscall CryptoPP::StreamTransformation::ProcessLastBlock(unsigned char *,unsigned int,unsigned char const *,unsigned int)" (?ProcessLastBlock@StreamTransformation@CryptoPP@@UAEIPAEIPBEI@Z)
main.obj : error LNK2001: unresolved external symbol "public: virtual unsigned int __thiscall CryptoPP::BufferedTransformation::GetMaxWaitObjectCount(void)const " (?GetMaxWaitObjectCount@BufferedTransformation@CryptoPP@@UBEIXZ)
main.obj : error LNK2001: unresolved external symbol "public: virtual void __thiscall CryptoPP::BufferedTransformation::GetWaitObjects(class CryptoPP::WaitObjectContainer &,class CryptoPP::CallStack const &)" (?GetWaitObjects@BufferedTransformation@CryptoPP@@UAEXAAVWaitObjectContainer@2@ABVCallStack@2@@Z)
main.obj : error LNK2001: unresolved external symbol "public: virtual void __thiscall CryptoPP::BufferedTransformation::Initialize(class CryptoPP::NameValuePairs const &,int)" (?Initialize@BufferedTransformation@CryptoPP@@UAEXABVNameValuePairs@2@H@Z)
main.obj : error LNK2001: unresolved external symbol "public: virtual bool __thiscall CryptoPP::BufferedTransformation::Flush(bool,int,bool)" (?Flush@BufferedTransformation@CryptoPP@@UAE_N_NH0@Z)
main.obj : error LNK2001: unresolved external symbol "public: virtual bool __thiscall CryptoPP::BufferedTransformation::MessageSeriesEnd(int,bool)" (?MessageSeriesEnd@BufferedTransformation@CryptoPP@@UAE_NH_N@Z)
main.obj : error LNK2001: unresolved external symbol "public: virtual unsigned __int64 __thiscall CryptoPP::BufferedTransformation::MaxRetrievable(void)const " (?MaxRetrievable@BufferedTransformation@CryptoPP@@UBE_KXZ)
main.obj : error LNK2001: unresolved external symbol "public: virtual bool __thiscall CryptoPP::BufferedTransformation::AnyRetrievable(void)const " (?AnyRetrievable@BufferedTransformation@CryptoPP@@UBE_NXZ)
main.obj : error LNK2001: unresolved external symbol "public: virtual unsigned int __thiscall CryptoPP::BufferedTransformation::Get(unsigned char &)" (?Get@BufferedTransformation@CryptoPP@@UAEIAAE@Z)
main.obj : error LNK2001: unresolved external symbol "public: virtual unsigned int __thiscall CryptoPP::BufferedTransformation::Get(unsigned char *,unsigned int)" (?Get@BufferedTransformation@CryptoPP@@UAEIPAEI@Z)
main.obj : error LNK2001: unresolved external symbol "public: virtual unsigned int __thiscall CryptoPP::BufferedTransformation::Peek(unsigned char &)const " (?Peek@BufferedTransformation@CryptoPP@@UBEIAAE@Z)
main.obj : error LNK2001: unresolved external symbol "public: virtual unsigned int __thiscall CryptoPP::BufferedTransformation::Peek(unsigned char *,unsigned int)const " (?Peek@BufferedTransformation@CryptoPP@@UBEIPAEI@Z)
main.obj : error LNK2001: unresolved external symbol "public: virtual unsigned __int64 __thiscall CryptoPP::BufferedTransformation::Skip(unsigned __int64)" (?Skip@BufferedTransformation@CryptoPP@@UAE_K_K@Z)
main.obj : error LNK2001: unresolved external symbol "public: virtual unsigned __int64 __thiscall CryptoPP::BufferedTransformation::TotalBytesRetrievable(void)const " (?TotalBytesRetrievable@BufferedTransformation@CryptoPP@@UBE_KXZ)
main.obj : error LNK2001: unresolved external symbol "public: virtual unsigned int __thiscall CryptoPP::BufferedTransformation::NumberOfMessages(void)const " (?NumberOfMessages@BufferedTransformation@CryptoPP@@UBEIXZ)
main.obj : error LNK2001: unresolved external symbol "public: virtual bool __thiscall CryptoPP::BufferedTransformation::AnyMessages(void)const " (?AnyMessages@BufferedTransformation@CryptoPP@@UBE_NXZ)
main.obj : error LNK2001: unresolved external symbol "public: virtual bool __thiscall CryptoPP::BufferedTransformation::GetNextMessage(void)" (?GetNextMessage@BufferedTransformation@CryptoPP@@UAE_NXZ)
main.obj : error LNK2001: unresolved external symbol "public: virtual unsigned int __thiscall CryptoPP::BufferedTransformation::SkipMessages(unsigned int)" (?SkipMessages@BufferedTransformation@CryptoPP@@UAEII@Z)
main.obj : error LNK2001: unresolved external symbol "public: virtual void __thiscall CryptoPP::BufferedTransformation::SkipAll(void)" (?SkipAll@BufferedTransformation@CryptoPP@@UAEXXZ)
main.obj : error LNK2001: unresolved external symbol "public: virtual unsigned char * __thiscall CryptoPP::BufferedTransformation::ChannelCreatePutSpace(class std::basic_string<char,struct std::char_traits<char>,class std::allocator<char> > const &,unsigned int &)" (?ChannelCreatePutSpace@BufferedTransformation@CryptoPP@@UAEPAEABV?$basic_string@DU?$char_traits@D@std@@V?$allocator@D@2@@std@@AAI@Z)
main.obj : error LNK2001: unresolved external symbol "public: virtual unsigned int __thiscall CryptoPP::BufferedTransformation::ChannelPut2(class std::basic_string<char,struct std::char_traits<char>,class std::allocator<char> > const &,unsigned char const *,unsigned int,int,bool)" (?ChannelPut2@BufferedTransformation@CryptoPP@@UAEIABV?$basic_string@DU?$char_traits@D@std@@V?$allocator@D@2@@std@@PBEIH_N@Z)
main.obj : error LNK2001: unresolved external symbol "public: virtual unsigned int __thiscall CryptoPP::BufferedTransformation::ChannelPutModifiable2(class std::basic_string<char,struct std::char_traits<char>,class std::allocator<char> > const &,unsigned char *,unsigned int,int,bool)" (?ChannelPutModifiable2@BufferedTransformation@CryptoPP@@UAEIABV?$basic_string@DU?$char_traits@D@std@@V?$allocator@D@2@@std@@PAEIH_N@Z)
main.obj : error LNK2001: unresolved external symbol "public: virtual bool __thiscall CryptoPP::BufferedTransformation::ChannelFlush(class std::basic_string<char,struct std::char_traits<char>,class std::allocator<char> > const &,bool,int,bool)" (?ChannelFlush@BufferedTransformation@CryptoPP@@UAE_NABV?$basic_string@DU?$char_traits@D@std@@V?$allocator@D@2@@std@@_NH1@Z)
main.obj : error LNK2001: unresolved external symbol "public: virtual bool __thiscall CryptoPP::BufferedTransformation::ChannelMessageSeriesEnd(class std::basic_string<char,struct std::char_traits<char>,class std::allocator<char> > const &,int,bool)" (?ChannelMessageSeriesEnd@BufferedTransformation@CryptoPP@@UAE_NABV?$basic_string@DU?$char_traits@D@std@@V?$allocator@D@2@@std@@H_N@Z)
main.obj : error LNK2001: unresolved external symbol "public: virtual void __thiscall CryptoPP::BufferedTransformation::SetRetrievalChannel(class std::basic_string<char,struct std::char_traits<char>,class std::allocator<char> > const &)" (?SetRetrievalChannel@BufferedTransformation@CryptoPP@@UAEXABV?$basic_string@DU?$char_traits@D@std@@V?$allocator@D@2@@std@@@Z)
main.obj : error LNK2001: unresolved external symbol "public: virtual void __thiscall CryptoPP::BufferedTransformation::Attach(class CryptoPP::BufferedTransformation *)" (?Attach@BufferedTransformation@CryptoPP@@UAEXPAV12@@Z)
main.obj : error LNK2019: unresolved external symbol "void * __cdecl CryptoPP::AlignedAllocate(unsigned int)" (?AlignedAllocate@CryptoPP@@YAPAXI@Z) referenced in function "public: unsigned char * __thiscall CryptoPP::AllocatorWithCleanup<unsigned char,0>::allocate(unsigned int,void const *)" (?allocate@?$AllocatorWithCleanup@E$0A@@CryptoPP@@QAEPAEIPBX@Z)
main.obj : error LNK2019: unresolved external symbol "void __cdecl CryptoPP::AlignedDeallocate(void *)" (?AlignedDeallocate@CryptoPP@@YAXPAX@Z) referenced in function "public: void __thiscall CryptoPP::AllocatorWithCleanup<unsigned char,0>::deallocate(void *,unsigned int)" (?deallocate@?$AllocatorWithCleanup@E$0A@@CryptoPP@@QAEXPAXI@Z)
main.obj : error LNK2019: unresolved external symbol "void * __cdecl CryptoPP::UnalignedAllocate(unsigned int)" (?UnalignedAllocate@CryptoPP@@YAPAXI@Z) referenced in function "public: unsigned char * __thiscall CryptoPP::AllocatorWithCleanup<unsigned char,0>::allocate(unsigned int,void const *)" (?allocate@?$AllocatorWithCleanup@E$0A@@CryptoPP@@QAEPAEIPBX@Z)
main.obj : error LNK2019: unresolved external symbol "void __cdecl CryptoPP::UnalignedDeallocate(void *)" (?UnalignedDeallocate@CryptoPP@@YAXPAX@Z) referenced in function "public: void __thiscall CryptoPP::AllocatorWithCleanup<unsigned char,0>::deallocate(void *,unsigned int)" (?deallocate@?$AllocatorWithCleanup@E$0A@@CryptoPP@@QAEXPAXI@Z)
main.obj : error LNK2001: unresolved external symbol "public: virtual class CryptoPP::BufferedTransformation * __thiscall CryptoPP::Filter::AttachedTransformation(void)" (?AttachedTransformation@Filter@CryptoPP@@UAEPAVBufferedTransformation@2@XZ)
main.obj : error LNK2001: unresolved external symbol "public: virtual class CryptoPP::BufferedTransformation const * __thiscall CryptoPP::Filter::AttachedTransformation(void)const " (?AttachedTransformation@Filter@CryptoPP@@UBEPBVBufferedTransformation@2@XZ)
main.obj : error LNK2001: unresolved external symbol "public: virtual void __thiscall CryptoPP::Filter::Detach(class CryptoPP::BufferedTransformation *)" (?Detach@Filter@CryptoPP@@UAEXPAVBufferedTransformation@2@@Z)
main.obj : error LNK2001: unresolved external symbol "public: virtual unsigned int __thiscall CryptoPP::Filter::TransferTo2(class CryptoPP::BufferedTransformation &,unsigned __int64 &,class std::basic_string<char,struct std::char_traits<char>,class std::allocator<char> > const &,bool)" (?TransferTo2@Filter@CryptoPP@@UAEIAAVBufferedTransformation@2@AA_KABV?$basic_string@DU?$char_traits@D@std@@V?$allocator@D@2@@std@@_N@Z)
main.obj : error LNK2001: unresolved external symbol "public: virtual unsigned int __thiscall CryptoPP::Filter::CopyRangeTo2(class CryptoPP::BufferedTransformation &,unsigned __int64 &,unsigned __int64,class std::basic_string<char,struct std::char_traits<char>,class std::allocator<char> > const &,bool)const " (?CopyRangeTo2@Filter@CryptoPP@@UBEIAAVBufferedTransformation@2@AA_K_KABV?$basic_string@DU?$char_traits@D@std@@V?$allocator@D@2@@std@@_N@Z)
main.obj : error LNK2001: unresolved external symbol "public: virtual void __thiscall CryptoPP::Filter::Initialize(class CryptoPP::NameValuePairs const &,int)" (?Initialize@Filter@CryptoPP@@UAEXABVNameValuePairs@2@H@Z)
main.obj : error LNK2001: unresolved external symbol "public: virtual bool __thiscall CryptoPP::Filter::Flush(bool,int,bool)" (?Flush@Filter@CryptoPP@@UAE_N_NH0@Z)
main.obj : error LNK2001: unresolved external symbol "public: virtual bool __thiscall CryptoPP::Filter::MessageSeriesEnd(int,bool)" (?MessageSeriesEnd@Filter@CryptoPP@@UAE_NH_N@Z)
main.obj : error LNK2001: unresolved external symbol "protected: virtual class CryptoPP::BufferedTransformation * __thiscall CryptoPP::Filter::NewDefaultAttachment(void)const " (?NewDefaultAttachment@Filter@CryptoPP@@MBEPAVBufferedTransformation@2@XZ)
main.obj : error LNK2001: unresolved external symbol "public: virtual void __thiscall CryptoPP::FilterWithBufferedInput::IsolatedInitialize(class CryptoPP::NameValuePairs const &)" (?IsolatedInitialize@FilterWithBufferedInput@CryptoPP@@UAEXABVNameValuePairs@2@@Z)
main.obj : error LNK2001: unresolved external symbol "public: virtual bool __thiscall CryptoPP::FilterWithBufferedInput::IsolatedFlush(bool,bool)" (?IsolatedFlush@FilterWithBufferedInput@CryptoPP@@UAE_N_N0@Z)
main.obj : error LNK2001: unresolved external symbol "protected: virtual void __thiscall CryptoPP::FilterWithBufferedInput::NextPutMultiple(unsigned char const *,unsigned int)" (?NextPutMultiple@FilterWithBufferedInput@CryptoPP@@MAEXPBEI@Z)
main.obj : error LNK2019: unresolved external symbol "protected: unsigned int __thiscall CryptoPP::FilterWithBufferedInput::PutMaybeModifiable(unsigned char *,unsigned int,int,bool,bool)" (?PutMaybeModifiable@FilterWithBufferedInput@CryptoPP@@IAEIPAEIH_N1@Z) referenced in function "public: virtual unsigned int __thiscall CryptoPP::FilterWithBufferedInput::Put2(unsigned char const *,unsigned int,int,bool)" (?Put2@FilterWithBufferedInput@CryptoPP@@UAEIPBEIH_N@Z)
main.obj : error LNK2019: unresolved external symbol "public: __thiscall CryptoPP::StreamTransformationFilter::StreamTransformationFilter(class CryptoPP::StreamTransformation &,class CryptoPP::BufferedTransformation *,enum CryptoPP::BlockPaddingSchemeDef::BlockPaddingScheme)" (??0StreamTransformationFilter@CryptoPP@@QAE@AAVStreamTransformation@1@PAVBufferedTransformation@1@W4BlockPaddingScheme@BlockPaddingSchemeDef@1@@Z) referenced in function _main
main.obj : error LNK2001: unresolved external symbol "protected: virtual void __thiscall CryptoPP::StreamTransformationFilter::InitializeDerivedAndReturnNewSizes(class CryptoPP::NameValuePairs const &,unsigned int &,unsigned int &,unsigned int &)" (?InitializeDerivedAndReturnNewSizes@StreamTransformationFilter@CryptoPP@@MAEXABVNameValuePairs@2@AAI11@Z)
main.obj : error LNK2001: unresolved external symbol "protected: virtual void __thiscall CryptoPP::StreamTransformationFilter::FirstPut(unsigned char const *)" (?FirstPut@StreamTransformationFilter@CryptoPP@@MAEXPBE@Z)
main.obj : error LNK2001: unresolved external symbol "protected: virtual void __thiscall CryptoPP::StreamTransformationFilter::NextPutMultiple(unsigned char const *,unsigned int)" (?NextPutMultiple@StreamTransformationFilter@CryptoPP@@MAEXPBEI@Z)
main.obj : error LNK2001: unresolved external symbol "protected: virtual void __thiscall CryptoPP::StreamTransformationFilter::NextPutModifiable(unsigned char *,unsigned int)" (?NextPutModifiable@StreamTransformationFilter@CryptoPP@@MAEXPAEI@Z)
main.obj : error LNK2001: unresolved external symbol "protected: virtual void __thiscall CryptoPP::StreamTransformationFilter::LastPut(unsigned char const *,unsigned int)" (?LastPut@StreamTransformationFilter@CryptoPP@@MAEXPBEI@Z)
main.obj : error LNK2001: unresolved external symbol "public: virtual void __thiscall CryptoPP::Rijndael::Base::UncheckedSetKey(unsigned char const *,unsigned int,class CryptoPP::NameValuePairs const &)" (?UncheckedSetKey@Base@Rijndael@CryptoPP@@UAEXPBEIABVNameValuePairs@3@@Z)
main.obj : error LNK2001: unresolved external symbol "public: virtual class std::basic_string<char,struct std::char_traits<char>,class std::allocator<char> > __thiscall CryptoPP::Rijndael::Base::AlgorithmProvider(void)const " (?AlgorithmProvider@Base@Rijndael@CryptoPP@@UBE?AV?$basic_string@DU?$char_traits@D@std@@V?$allocator@D@2@@std@@XZ)
main.obj : error LNK2001: unresolved external symbol "public: virtual unsigned int __thiscall CryptoPP::Rijndael::Base::OptimalDataAlignment(void)const " (?OptimalDataAlignment@Base@Rijndael@CryptoPP@@UBEIXZ)
main.obj : error LNK2001: unresolved external symbol "public: virtual void __thiscall CryptoPP::Rijndael::Enc::ProcessAndXorBlock(unsigned char const *,unsigned char const *,unsigned char *)const " (?ProcessAndXorBlock@Enc@Rijndael@CryptoPP@@UBEXPBE0PAE@Z)
main.obj : error LNK2001: unresolved external symbol "public: virtual unsigned int __thiscall CryptoPP::Rijndael::Enc::AdvancedProcessBlocks(unsigned char const *,unsigned char const *,unsigned char *,unsigned int,unsigned int)const " (?AdvancedProcessBlocks@Enc@Rijndael@CryptoPP@@UBEIPBE0PAEII@Z)
main.obj : error LNK2001: unresolved external symbol "public: virtual void __thiscall CryptoPP::Rijndael::Dec::ProcessAndXorBlock(unsigned char const *,unsigned char const *,unsigned char *)const " (?ProcessAndXorBlock@Dec@Rijndael@CryptoPP@@UBEXPBE0PAE@Z)
main.obj : error LNK2001: unresolved external symbol "public: virtual unsigned int __thiscall CryptoPP::Rijndael::Dec::AdvancedProcessBlocks(unsigned char const *,unsigned char const *,unsigned char *,unsigned int,unsigned int)const " (?AdvancedProcessBlocks@Dec@Rijndael@CryptoPP@@UBEIPBE0PAEII@Z)
main.obj : error LNK2001: unresolved external symbol "public: virtual void __thiscall CryptoPP::BlockOrientedCipherModeBase::UncheckedSetKey(unsigned char const *,unsigned int,class CryptoPP::NameValuePairs const &)" (?UncheckedSetKey@BlockOrientedCipherModeBase@CryptoPP@@UAEXPBEIABVNameValuePairs@2@@Z)
main.obj : error LNK2001: unresolved external symbol "protected: virtual void __thiscall CryptoPP::BlockOrientedCipherModeBase::ResizeBuffers(void)" (?ResizeBuffers@BlockOrientedCipherModeBase@CryptoPP@@MAEXXZ)
main.obj : error LNK2001: unresolved external symbol "public: virtual void __thiscall CryptoPP::CBC_Encryption::ProcessData(unsigned char *,unsigned char const *,unsigned int)" (?ProcessData@CBC_Encryption@CryptoPP@@UAEXPAEPBEI@Z)
main.obj : error LNK2001: unresolved external symbol "public: virtual void __thiscall CryptoPP::CBC_Decryption::ProcessData(unsigned char *,unsigned char const *,unsigned int)" (?ProcessData@CBC_Decryption@CryptoPP@@UAEXPAEPBEI@Z)
main.obj : error LNK2001: unresolved external symbol "protected: virtual void __thiscall CryptoPP::CBC_Decryption::ResizeBuffers(void)" (?ResizeBuffers@CBC_Decryption@CryptoPP@@MAEXXZ)
main.obj : error LNK2001: unresolved external symbol "class CryptoPP::NameValuePairs const & const CryptoPP::g_nullNameValuePairs" (?g_nullNameValuePairs@CryptoPP@@3ABVNameValuePairs@1@B)
C:\Users\munta\OneDrive - University of New Haven\GitHub\Encryption-Algorithm-Comparison\EAC-Application\Debug\EAC-Application.exe : fatal error LNK1120: 67 unresolved externals
